Using pre-set license
Built from '2020.3/staging' branch; Version is '2020.3.6f1 (338bb68529b2) revision 3378102'; Using compiler version '192528614'; Build Type 'Release'
OS: 'Windows 10 Home; OS build 19042.1466; Version 2009; 64bit' Language: 'en' Physical Memory: 16293 MB
BatchMode: 1, IsHumanControllingUs: 0, StartBugReporterOnCrash: 0, Is64bit: 1, IsPro: 0

 COMMAND LINE ARGUMENTS:
C:\Program Files\Unity\Hub\Editor\2020.3.6f1\Editor\Unity.exe
-adb2
-batchMode
-noUpm
-name
AssetImportWorker0
-projectPath
C:/Users/Demon/OneDrive/Documents/GitHub/aaSemester06/GameEnginesIV_Labs/GAME3033_Labs
-logFile
Logs/AssetImportWorker0.log
-srvPort
64443
Successfully changed project path to: C:/Users/Demon/OneDrive/Documents/GitHub/aaSemester06/GameEnginesIV_Labs/GAME3033_Labs
C:/Users/Demon/OneDrive/Documents/GitHub/aaSemester06/GameEnginesIV_Labs/GAME3033_Labs
Using Asset Import Pipeline V2.
Refreshing native plugins compatible for Editor in 46.58 ms, found 2 plugins.
Preloading 0 native plugins for Editor in 0.00 ms.
Initialize engine version: 2020.3.6f1 (338bb68529b2)
[Subsystems] Discovering subsystems at path C:/Program Files/Unity/Hub/Editor/2020.3.6f1/Editor/Data/Resources/UnitySubsystems
[Subsystems] Discovering subsystems at path C:/Users/Demon/OneDrive/Documents/GitHub/aaSemester06/GameEnginesIV_Labs/GAME3033_Labs/Assets
GfxDevice: creating device client; threaded=0
Direct3D:
    Version:  Direct3D 11.0 [level 11.1]
    Renderer: NVIDIA GeForce RTX 2070 SUPER (ID=0x1e84)
    Vendor:   
    VRAM:     8012 MB
    Driver:   30.0.15.1123
Initialize mono
Mono path[0] = 'C:/Program Files/Unity/Hub/Editor/2020.3.6f1/Editor/Data/Managed'
Mono path[1] = 'C:/Program Files/Unity/Hub/Editor/2020.3.6f1/Editor/Data/MonoBleedingEdge/lib/mono/unityjit'
Mono config path = 'C:/Program Files/Unity/Hub/Editor/2020.3.6f1/Editor/Data/MonoBleedingEdge/etc'
Using monoOptions --debugger-agent=transport=dt_socket,embedding=1,server=y,suspend=n,address=127.0.0.1:56192
Begin MonoManager ReloadAssembly
Registering precompiled unity dll's ...
Register platform support module: C:/Program Files/Unity/Hub/Editor/2020.3.6f1/Editor/Data/PlaybackEngines/WindowsStandaloneSupport/UnityEditor.WindowsStandalone.Extensions.dll
Registered in 0.002474 seconds.
Native extension for WindowsStandalone target not found
Refreshing native plugins compatible for Editor in 56.92 ms, found 2 plugins.
Preloading 0 native plugins for Editor in 0.00 ms.
Mono: successfully reloaded assembly
- Completed reload, in  1.225 seconds
Platform modules already initialized, skipping
Registering precompiled user dll's ...
Registered in 0.007437 seconds.
Begin MonoManager ReloadAssembly
Native extension for WindowsStandalone target not found
Refreshing native plugins compatible for Editor in 43.75 ms, found 2 plugins.
Preloading 0 native plugins for Editor in 0.00 ms.
Mono: successfully reloaded assembly
- Completed reload, in  1.516 seconds
Platform modules already initialized, skipping
========================================================================
Worker process is ready to serve import requests
Launched and connected shader compiler UnityShaderCompiler.exe after 0.06 seconds
Refreshing native plugins compatible for Editor in 0.46 ms, found 2 plugins.
Preloading 0 native plugins for Editor in 0.00 ms.
Unloading 2203 Unused Serialized files (Serialized files now loaded: 0)
System memory in use before: 97.5 MB.
System memory in use after: 97.5 MB.

Unloading 22 unused Assets to reduce memory usage. Loaded Objects now: 2639.
Total: 3.519700 ms (FindLiveObjects: 0.842400 ms CreateObjectMapping: 0.187600 ms MarkObjects: 2.391700 ms  DeleteObjects: 0.096400 ms)

========================================================================
Received Import Request.
  path: Assets/Scripts/PlayerController.cs
  artifactKey: Guid(b14598c4d2fe4694dbd963f9633d429f) Importer(815301076,1909f56bfc062723c751e8b465ee728b)
Start importing Assets/Scripts/PlayerController.cs using Guid(b14598c4d2fe4694dbd963f9633d429f) Importer(815301076,1909f56bfc062723c751e8b465ee728b)  -> (artifact id: '64cfafdcdedfe4b51eea78509645e7ed') in 0.029982 seconds
  Import took 0.034099 seconds .

========================================================================
Received Prepare
Refreshing native plugins compatible for Editor in 4.03 ms, found 2 plugins.
Preloading 0 native plugins for Editor in 0.00 ms.
Unloading 12 Unused Serialized files (Serialized files now loaded: 0)
System memory in use before: 51.5 MB.
System memory in use after: 51.6 MB.

Unloading 12 unused Assets to reduce memory usage. Loaded Objects now: 2639.
Total: 3.132100 ms (FindLiveObjects: 0.176400 ms CreateObjectMapping: 0.088000 ms MarkObjects: 2.823200 ms  DeleteObjects: 0.043700 ms)

========================================================================
Received Import Request.
  Time since last request: 257.486837 seconds.
  path: Assets/Models/Shooter Pack/rifle run.fbx
  artifactKey: Guid(a3f98e473df882b4fab4e946f0c41079) Importer(815301076,1909f56bfc062723c751e8b465ee728b)
Start importing Assets/Models/Shooter Pack/rifle run.fbx using Guid(a3f98e473df882b4fab4e946f0c41079) Importer(815301076,1909f56bfc062723c751e8b465ee728b)  -> (artifact id: '3b05132db1a28c5711d8fd42ecd0a02d') in 0.058378 seconds
  Import took 0.062591 seconds .

========================================================================
Received Import Request.
  Time since last request: 102.376635 seconds.
  path: Assets/Models/Shooter Pack/walkingforward.anim
  artifactKey: Guid(be2c0e71d8185a5429f72b4025adf5a2) Importer(815301076,1909f56bfc062723c751e8b465ee728b)
Start importing Assets/Models/Shooter Pack/walkingforward.anim using Guid(be2c0e71d8185a5429f72b4025adf5a2) Importer(815301076,1909f56bfc062723c751e8b465ee728b)  -> (artifact id: '984c5a150b45c5500dca0ce1402caf44') in 0.025091 seconds
  Import took 0.028921 seconds .

========================================================================
Received Import Request.
  Time since last request: 5.705608 seconds.
  path: Assets/Models/Shooter Pack/walk_left.anim
  artifactKey: Guid(72c905543b2f0b24e8ccb1133580d540) Importer(815301076,1909f56bfc062723c751e8b465ee728b)
Start importing Assets/Models/Shooter Pack/walk_left.anim using Guid(72c905543b2f0b24e8ccb1133580d540) Importer(815301076,1909f56bfc062723c751e8b465ee728b)  -> (artifact id: '7b3c21b027da6bf76491799e7ed73a33') in 0.010576 seconds
  Import took 0.014005 seconds .

========================================================================
Received Import Request.
  Time since last request: 0.000300 seconds.
  path: Assets/Models/Shooter Pack/walk_left.anim
  artifactKey: Guid(72c905543b2f0b24e8ccb1133580d540) Importer(815301076,1909f56bfc062723c751e8b465ee728b)
Start importing Assets/Models/Shooter Pack/walk_left.anim using Guid(72c905543b2f0b24e8ccb1133580d540) Importer(815301076,1909f56bfc062723c751e8b465ee728b)  -> (artifact id: '7b3c21b027da6bf76491799e7ed73a33') in 0.010506 seconds
  Import took 0.013540 seconds .

========================================================================
Received Import Request.
  Time since last request: 0.940464 seconds.
  path: Assets/Models/Shooter Pack/walk_right.anim
  artifactKey: Guid(15d3679782b946f4fa85f9cbbb9b9648) Importer(815301076,1909f56bfc062723c751e8b465ee728b)
Start importing Assets/Models/Shooter Pack/walk_right.anim using Guid(15d3679782b946f4fa85f9cbbb9b9648) Importer(815301076,1909f56bfc062723c751e8b465ee728b)  -> (artifact id: 'ca068bc2acd4d29237a9bae889690010') in 0.011965 seconds
  Import took 0.015433 seconds .

========================================================================
Received Import Request.
  Time since last request: 11.280065 seconds.
  path: Assets/Models/Shooter Pack/walk_back.anim
  artifactKey: Guid(9f4d0a1ee93e9b14782ddb96ec982fe5) Importer(815301076,1909f56bfc062723c751e8b465ee728b)
Start importing Assets/Models/Shooter Pack/walk_back.anim using Guid(9f4d0a1ee93e9b14782ddb96ec982fe5) Importer(815301076,1909f56bfc062723c751e8b465ee728b)  -> (artifact id: '451146d89fd3e0fe3873ee9eedebdcd1') in 0.011507 seconds
  Import took 0.015182 seconds .

========================================================================
Received Import Request.
  Time since last request: 87.021893 seconds.
  path: Assets/Models/Shooter Pack/mixamo.com.anim
  artifactKey: Guid(7adb374c8c9db104d8a8d7995a1a6388) Importer(815301076,1909f56bfc062723c751e8b465ee728b)
Start importing Assets/Models/Shooter Pack/mixamo.com.anim using Guid(7adb374c8c9db104d8a8d7995a1a6388) Importer(815301076,1909f56bfc062723c751e8b465ee728b)  -> (artifact id: '81164235d0dc64fbb1993c1027662479') in 0.012297 seconds
  Import took 0.015862 seconds .

========================================================================
Received Import Request.
  Time since last request: 0.001320 seconds.
  path: Assets/Models/Shooter Pack/mixamo.com.anim
  artifactKey: Guid(7adb374c8c9db104d8a8d7995a1a6388) Importer(815301076,1909f56bfc062723c751e8b465ee728b)
Start importing Assets/Models/Shooter Pack/mixamo.com.anim using Guid(7adb374c8c9db104d8a8d7995a1a6388) Importer(815301076,1909f56bfc062723c751e8b465ee728b)  -> (artifact id: '81164235d0dc64fbb1993c1027662479') in 0.010753 seconds
  Import took 0.013949 seconds .

========================================================================
Received Import Request.
  Time since last request: 8.136935 seconds.
  path: Assets/Models/Shooter Pack/RunBackwards.anim
  artifactKey: Guid(7adb374c8c9db104d8a8d7995a1a6388) Importer(815301076,1909f56bfc062723c751e8b465ee728b)
Start importing Assets/Models/Shooter Pack/RunBackwards.anim using Guid(7adb374c8c9db104d8a8d7995a1a6388) Importer(815301076,1909f56bfc062723c751e8b465ee728b)  -> (artifact id: '1d0fb719abbdd3f63938ffb86473d51e') in 0.012049 seconds
  Import took 0.016016 seconds .

========================================================================
Received Import Request.
  Time since last request: 10.058226 seconds.
  path: Assets/Models/Shooter Pack/walk_left 1.anim
  artifactKey: Guid(79436f64b45fbd248b90a4fa7f6a47a5) Importer(815301076,1909f56bfc062723c751e8b465ee728b)
Start importing Assets/Models/Shooter Pack/walk_left 1.anim using Guid(79436f64b45fbd248b90a4fa7f6a47a5) Importer(815301076,1909f56bfc062723c751e8b465ee728b)  -> (artifact id: '1a0125310e5a65c12ff069ba46c0698f') in 0.013030 seconds
  Import took 0.017071 seconds .

========================================================================
Received Import Request.
  Time since last request: 6.983473 seconds.
  path: Assets/Models/Shooter Pack/run_.anim
  artifactKey: Guid(79436f64b45fbd248b90a4fa7f6a47a5) Importer(815301076,1909f56bfc062723c751e8b465ee728b)
Start importing Assets/Models/Shooter Pack/run_.anim using Guid(79436f64b45fbd248b90a4fa7f6a47a5) Importer(815301076,1909f56bfc062723c751e8b465ee728b)  -> (artifact id: '0371d25a09fc607f7779b7956424d994') in 0.012028 seconds
  Import took 0.015900 seconds .

========================================================================
Received Import Request.
  Time since last request: 10.399204 seconds.
  path: Assets/Models/Shooter Pack/RunBackwards.anim
  artifactKey: Guid(7adb374c8c9db104d8a8d7995a1a6388) Importer(815301076,1909f56bfc062723c751e8b465ee728b)
Start importing Assets/Models/Shooter Pack/RunBackwards.anim using Guid(7adb374c8c9db104d8a8d7995a1a6388) Importer(815301076,1909f56bfc062723c751e8b465ee728b)  -> (artifact id: 'b490f4d61fde6c5657f61b7927e5d703') in 0.010868 seconds
  Import took 0.015019 seconds .

========================================================================
Received Import Request.
  Time since last request: 0.000494 seconds.
  path: Assets/Models/Shooter Pack/RunBackwards.anim
  artifactKey: Guid(7adb374c8c9db104d8a8d7995a1a6388) Importer(815301076,1909f56bfc062723c751e8b465ee728b)
Start importing Assets/Models/Shooter Pack/RunBackwards.anim using Guid(7adb374c8c9db104d8a8d7995a1a6388) Importer(815301076,1909f56bfc062723c751e8b465ee728b)  -> (artifact id: 'b490f4d61fde6c5657f61b7927e5d703') in 0.015823 seconds
  Import took 0.019126 seconds .

========================================================================
Received Import Request.
  Time since last request: 27.779240 seconds.
  path: Assets/Models/Shooter Pack/walk_left 1.anim
  artifactKey: Guid(f54e8be8680db904bb45b5d132e2173e) Importer(815301076,1909f56bfc062723c751e8b465ee728b)
Start importing Assets/Models/Shooter Pack/walk_left 1.anim using Guid(f54e8be8680db904bb45b5d132e2173e) Importer(815301076,1909f56bfc062723c751e8b465ee728b)  -> (artifact id: '2e316dde0465c4f1536d780689cfdafd') in 0.010237 seconds
  Import took 0.014165 seconds .

========================================================================
Received Import Request.
  Time since last request: 5.038159 seconds.
  path: Assets/Models/Shooter Pack/run_left.anim
  artifactKey: Guid(f54e8be8680db904bb45b5d132e2173e) Importer(815301076,1909f56bfc062723c751e8b465ee728b)
Start importing Assets/Models/Shooter Pack/run_left.anim using Guid(f54e8be8680db904bb45b5d132e2173e) Importer(815301076,1909f56bfc062723c751e8b465ee728b)  -> (artifact id: 'd977ea7b15f9e8531da03e168b4f6ea3') in 0.012530 seconds
  Import took 0.016148 seconds .

========================================================================
Received Import Request.
  Time since last request: 1.681834 seconds.
  path: Assets/Models/Shooter Pack/walk_right 1.anim
  artifactKey: Guid(3b7c615d9bfc65847995b427afa3ad9c) Importer(815301076,1909f56bfc062723c751e8b465ee728b)
Start importing Assets/Models/Shooter Pack/walk_right 1.anim using Guid(3b7c615d9bfc65847995b427afa3ad9c) Importer(815301076,1909f56bfc062723c751e8b465ee728b)  -> (artifact id: '2ef0c74bf71a69888c3f43c88aa68862') in 0.010368 seconds
  Import took 0.014213 seconds .

========================================================================
Received Import Request.
  Time since last request: 4.074408 seconds.
  path: Assets/Models/Shooter Pack/run_right.anim
  artifactKey: Guid(3b7c615d9bfc65847995b427afa3ad9c) Importer(815301076,1909f56bfc062723c751e8b465ee728b)
Start importing Assets/Models/Shooter Pack/run_right.anim using Guid(3b7c615d9bfc65847995b427afa3ad9c) Importer(815301076,1909f56bfc062723c751e8b465ee728b)  -> (artifact id: 'c489b96cfe25ea0f0716c23eeb7ccf0b') in 0.011215 seconds
  Import took 0.015341 seconds .

========================================================================
Received Import Request.
  Time since last request: 94.864780 seconds.
  path: Assets/Models/AnimController.controller
  artifactKey: Guid(7e72ec2cfced8824d9e286b3ac084fda) Importer(815301076,1909f56bfc062723c751e8b465ee728b)
Start importing Assets/Models/AnimController.controller using Guid(7e72ec2cfced8824d9e286b3ac084fda) Importer(815301076,1909f56bfc062723c751e8b465ee728b)  -> (artifact id: '43d8daa1326d48237f1d3455f23bd0d6') in 0.079622 seconds
  Import took 0.084309 seconds .

========================================================================
Received Import Request.
  Time since last request: 32.091527 seconds.
  path: Assets/Models/AnimController.controller
  artifactKey: Guid(7e72ec2cfced8824d9e286b3ac084fda) Importer(815301076,1909f56bfc062723c751e8b465ee728b)
Start importing Assets/Models/AnimController.controller using Guid(7e72ec2cfced8824d9e286b3ac084fda) Importer(815301076,1909f56bfc062723c751e8b465ee728b)  -> (artifact id: '8406377c5a6d21313515644fe539cd38') in 0.075599 seconds
  Import took 0.080053 seconds .

========================================================================
Received Import Request.
  Time since last request: 72.985537 seconds.
  path: Assets/Models/AnimController.controller
  artifactKey: Guid(7e72ec2cfced8824d9e286b3ac084fda) Importer(815301076,1909f56bfc062723c751e8b465ee728b)
Start importing Assets/Models/AnimController.controller using Guid(7e72ec2cfced8824d9e286b3ac084fda) Importer(815301076,1909f56bfc062723c751e8b465ee728b)  -> (artifact id: 'c59a4d7864f6c22fb1c7a2651759eef6') in 0.078210 seconds
  Import took 0.082077 seconds .

========================================================================
Received Import Request.
  Time since last request: 71.374617 seconds.
  path: Assets/Models/AnimController.controller
  artifactKey: Guid(7e72ec2cfced8824d9e286b3ac084fda) Importer(815301076,1909f56bfc062723c751e8b465ee728b)
Start importing Assets/Models/AnimController.controller using Guid(7e72ec2cfced8824d9e286b3ac084fda) Importer(815301076,1909f56bfc062723c751e8b465ee728b)  -> (artifact id: '5fb71aef28fd38d8c30662f262ee8c60') in 0.077750 seconds
  Import took 0.082211 seconds .

========================================================================
Received Prepare
Registering precompiled user dll's ...
Registered in 0.005588 seconds.
Begin MonoManager ReloadAssembly
Native extension for WindowsStandalone target not found
Refreshing native plugins compatible for Editor in 0.39 ms, found 2 plugins.
Preloading 0 native plugins for Editor in 0.00 ms.
Mono: successfully reloaded assembly
- Completed reload, in  1.162 seconds
Platform modules already initialized, skipping
Refreshing native plugins compatible for Editor in 0.39 ms, found 2 plugins.
Preloading 0 native plugins for Editor in 0.00 ms.
Unloading 2173 Unused Serialized files (Serialized files now loaded: 0)
System memory in use before: 95.4 MB.
System memory in use after: 95.5 MB.

Unloading 15 unused Assets to reduce memory usage. Loaded Objects now: 2641.
Total: 2.458500 ms (FindLiveObjects: 0.176900 ms CreateObjectMapping: 0.082800 ms MarkObjects: 2.145800 ms  DeleteObjects: 0.051700 ms)

========================================================================
Received Prepare
Registering precompiled user dll's ...
Registered in 0.005072 seconds.
Begin MonoManager ReloadAssembly
Native extension for WindowsStandalone target not found
Refreshing native plugins compatible for Editor in 0.40 ms, found 2 plugins.
Preloading 0 native plugins for Editor in 0.00 ms.
Mono: successfully reloaded assembly
- Completed reload, in  1.138 seconds
Platform modules already initialized, skipping
Refreshing native plugins compatible for Editor in 0.39 ms, found 2 plugins.
Preloading 0 native plugins for Editor in 0.00 ms.
Unloading 2173 Unused Serialized files (Serialized files now loaded: 0)
System memory in use before: 95.5 MB.
System memory in use after: 95.6 MB.

Unloading 15 unused Assets to reduce memory usage. Loaded Objects now: 2643.
Total: 2.741800 ms (FindLiveObjects: 0.189000 ms CreateObjectMapping: 0.086200 ms MarkObjects: 2.414500 ms  DeleteObjects: 0.051000 ms)

========================================================================
Received Prepare
Registering precompiled user dll's ...
Registered in 0.004800 seconds.
Begin MonoManager ReloadAssembly
Native extension for WindowsStandalone target not found
Refreshing native plugins compatible for Editor in 0.39 ms, found 2 plugins.
Preloading 0 native plugins for Editor in 0.00 ms.
Mono: successfully reloaded assembly
- Completed reload, in  1.152 seconds
Platform modules already initialized, skipping
Refreshing native plugins compatible for Editor in 0.49 ms, found 2 plugins.
Preloading 0 native plugins for Editor in 0.00 ms.
Unloading 2173 Unused Serialized files (Serialized files now loaded: 0)
System memory in use before: 95.5 MB.
System memory in use after: 95.6 MB.

Unloading 15 unused Assets to reduce memory usage. Loaded Objects now: 2645.
Total: 2.450500 ms (FindLiveObjects: 0.216600 ms CreateObjectMapping: 0.107300 ms MarkObjects: 2.074500 ms  DeleteObjects: 0.050800 ms)

========================================================================
Received Prepare
Registering precompiled user dll's ...
Registered in 0.004850 seconds.
Begin MonoManager ReloadAssembly
Native extension for WindowsStandalone target not found
Refreshing native plugins compatible for Editor in 0.39 ms, found 2 plugins.
Preloading 0 native plugins for Editor in 0.00 ms.
Mono: successfully reloaded assembly
- Completed reload, in  1.153 seconds
Platform modules already initialized, skipping
Refreshing native plugins compatible for Editor in 0.41 ms, found 2 plugins.
Preloading 0 native plugins for Editor in 0.00 ms.
Unloading 2173 Unused Serialized files (Serialized files now loaded: 0)
System memory in use before: 95.5 MB.
System memory in use after: 95.6 MB.

Unloading 15 unused Assets to reduce memory usage. Loaded Objects now: 2647.
Total: 2.734000 ms (FindLiveObjects: 0.199000 ms CreateObjectMapping: 0.091900 ms MarkObjects: 2.389800 ms  DeleteObjects: 0.051800 ms)

========================================================================
Received Prepare
Registering precompiled user dll's ...
Registered in 0.005259 seconds.
Begin MonoManager ReloadAssembly
Native extension for WindowsStandalone target not found
Refreshing native plugins compatible for Editor in 0.65 ms, found 2 plugins.
Preloading 0 native plugins for Editor in 0.00 ms.
Mono: successfully reloaded assembly
- Completed reload, in  1.148 seconds
Platform modules already initialized, skipping
Refreshing native plugins compatible for Editor in 0.39 ms, found 2 plugins.
Preloading 0 native plugins for Editor in 0.00 ms.
Unloading 2173 Unused Serialized files (Serialized files now loaded: 0)
System memory in use before: 95.4 MB.
System memory in use after: 95.5 MB.

Unloading 15 unused Assets to reduce memory usage. Loaded Objects now: 2649.
Total: 2.830100 ms (FindLiveObjects: 0.180900 ms CreateObjectMapping: 0.087900 ms MarkObjects: 2.485000 ms  DeleteObjects: 0.074700 ms)

========================================================================
Received Prepare
Registering precompiled user dll's ...
Registered in 0.005014 seconds.
Begin MonoManager ReloadAssembly
Native extension for WindowsStandalone target not found
Refreshing native plugins compatible for Editor in 0.39 ms, found 2 plugins.
Preloading 0 native plugins for Editor in 0.00 ms.
Mono: successfully reloaded assembly
- Completed reload, in  1.156 seconds
Platform modules already initialized, skipping
Refreshing native plugins compatible for Editor in 0.39 ms, found 2 plugins.
Preloading 0 native plugins for Editor in 0.00 ms.
Unloading 2173 Unused Serialized files (Serialized files now loaded: 0)
System memory in use before: 95.5 MB.
System memory in use after: 95.6 MB.

Unloading 15 unused Assets to reduce memory usage. Loaded Objects now: 2651.
Total: 2.762300 ms (FindLiveObjects: 0.188400 ms CreateObjectMapping: 0.090100 ms MarkObjects: 2.433000 ms  DeleteObjects: 0.050000 ms)

========================================================================
Received Prepare
Registering precompiled user dll's ...
Registered in 0.005252 seconds.
Begin MonoManager ReloadAssembly
Native extension for WindowsStandalone target not found
Refreshing native plugins compatible for Editor in 0.45 ms, found 2 plugins.
Preloading 0 native plugins for Editor in 0.00 ms.
Mono: successfully reloaded assembly
- Completed reload, in  1.284 seconds
Platform modules already initialized, skipping
Refreshing native plugins compatible for Editor in 0.39 ms, found 2 plugins.
Preloading 0 native plugins for Editor in 0.00 ms.
Unloading 2173 Unused Serialized files (Serialized files now loaded: 0)
System memory in use before: 95.5 MB.
System memory in use after: 95.6 MB.

Unloading 15 unused Assets to reduce memory usage. Loaded Objects now: 2653.
Total: 2.676500 ms (FindLiveObjects: 0.209300 ms CreateObjectMapping: 0.112400 ms MarkObjects: 2.294800 ms  DeleteObjects: 0.059000 ms)

========================================================================
Received Import Request.
  Time since last request: 486.669009 seconds.
  path: Assets/Textures
  artifactKey: Guid(c637804b16b8d0f49aef8eb1529a4753) Importer(815301076,1909f56bfc062723c751e8b465ee728b)
Start importing Assets/Textures using Guid(c637804b16b8d0f49aef8eb1529a4753) Importer(815301076,1909f56bfc062723c751e8b465ee728b)  -> (artifact id: 'df01bdbf2c5b1364d4b787e9ba87d6ae') in 0.009586 seconds
  Import took 0.013599 seconds .

========================================================================
Received Import Request.
  Time since last request: 3.226611 seconds.
  path: Assets/Textures/Crosshair Sprite.png
  artifactKey: Guid(857a8cd0994b5b34c87468696adf07b1) Importer(815301076,1909f56bfc062723c751e8b465ee728b)
Start importing Assets/Textures/Crosshair Sprite.png using Guid(857a8cd0994b5b34c87468696adf07b1) Importer(815301076,1909f56bfc062723c751e8b465ee728b)  -> (artifact id: '8d96315cbf1174ffc0564a2f1efb78a2') in 0.053717 seconds
  Import took 0.057124 seconds .

========================================================================
Received Import Request.
  Time since last request: 23.837979 seconds.
  path: Assets/Textures/Crosshair Sprite.png
  artifactKey: Guid(857a8cd0994b5b34c87468696adf07b1) Importer(815301076,1909f56bfc062723c751e8b465ee728b)
Start importing Assets/Textures/Crosshair Sprite.png using Guid(857a8cd0994b5b34c87468696adf07b1) Importer(815301076,1909f56bfc062723c751e8b465ee728b)  -> (artifact id: '51c6a416a70f5f8012172dd1419b9376') in 0.046740 seconds
  Import took 0.050190 seconds .

========================================================================
Received Prepare
Registering precompiled user dll's ...
Registered in 0.006161 seconds.
Begin MonoManager ReloadAssembly
Native extension for WindowsStandalone target not found
Refreshing native plugins compatible for Editor in 0.40 ms, found 2 plugins.
Preloading 0 native plugins for Editor in 0.00 ms.
Mono: successfully reloaded assembly
- Completed reload, in  1.235 seconds
Platform modules already initialized, skipping
Refreshing native plugins compatible for Editor in 0.59 ms, found 2 plugins.
Preloading 0 native plugins for Editor in 0.00 ms.
Unloading 2173 Unused Serialized files (Serialized files now loaded: 0)
System memory in use before: 98.5 MB.
System memory in use after: 98.6 MB.

Unloading 15 unused Assets to reduce memory usage. Loaded Objects now: 2661.
Total: 2.405500 ms (FindLiveObjects: 0.179900 ms CreateObjectMapping: 0.087000 ms MarkObjects: 2.085200 ms  DeleteObjects: 0.051900 ms)

========================================================================
Received Prepare
Registering precompiled user dll's ...
Registered in 0.005769 seconds.
Begin MonoManager ReloadAssembly
Native extension for WindowsStandalone target not found
Refreshing native plugins compatible for Editor in 0.40 ms, found 2 plugins.
Preloading 0 native plugins for Editor in 0.00 ms.
Mono: successfully reloaded assembly
- Completed reload, in  1.151 seconds
Platform modules already initialized, skipping
Refreshing native plugins compatible for Editor in 0.73 ms, found 2 plugins.
Preloading 0 native plugins for Editor in 0.00 ms.
Unloading 2173 Unused Serialized files (Serialized files now loaded: 0)
System memory in use before: 98.5 MB.
System memory in use after: 98.6 MB.

Unloading 15 unused Assets to reduce memory usage. Loaded Objects now: 2663.
Total: 2.529800 ms (FindLiveObjects: 0.198700 ms CreateObjectMapping: 0.088000 ms MarkObjects: 2.190700 ms  DeleteObjects: 0.051600 ms)

========================================================================
Received Prepare
Registering precompiled user dll's ...
Registered in 0.004915 seconds.
Begin MonoManager ReloadAssembly
Native extension for WindowsStandalone target not found
Refreshing native plugins compatible for Editor in 0.39 ms, found 2 plugins.
Preloading 0 native plugins for Editor in 0.00 ms.
Mono: successfully reloaded assembly
- Completed reload, in  1.150 seconds
Platform modules already initialized, skipping
Refreshing native plugins compatible for Editor in 0.54 ms, found 2 plugins.
Preloading 0 native plugins for Editor in 0.00 ms.
Unloading 2173 Unused Serialized files (Serialized files now loaded: 0)
System memory in use before: 98.4 MB.
System memory in use after: 98.5 MB.

Unloading 15 unused Assets to reduce memory usage. Loaded Objects now: 2665.
Total: 2.640000 ms (FindLiveObjects: 0.172100 ms CreateObjectMapping: 0.078500 ms MarkObjects: 2.331800 ms  DeleteObjects: 0.056400 ms)

AssetImportWorkerClient::OnTransportError - code=2 error=End of file
